<?xml version="1.0" encoding="UTF-8"?>
<testsuite name="unit.com.ntnn.verticle.MainVerticleTest" tests="1" skipped="0" failures="0" errors="0" timestamp="2022-03-30T09:55:47" hostname="Nams-MacBook-Air.local" time="6.336">
  <properties/>
  <testcase name="Test file uploaded" classname="unit.com.ntnn.verticle.MainVerticleTest" time="6.336"/>
  <system-out><![CDATA[16:55:47.722 [Test worker] DEBUG io.vertx.core.logging.LoggerFactory - Using io.vertx.core.logging.SLF4JLogDelegateFactory
16:55:47.795 [Test worker] DEBUG io.netty.util.internal.logging.InternalLoggerFactory - Using SLF4J as the default logging framework
16:55:47.802 [Test worker] DEBUG io.netty.util.internal.PlatformDependent0 - -Dio.netty.noUnsafe: false
16:55:47.802 [Test worker] DEBUG io.netty.util.internal.PlatformDependent0 - Java version: 11
16:55:47.804 [Test worker] DEBUG io.netty.util.internal.PlatformDependent0 - sun.misc.Unsafe.theUnsafe: available
16:55:47.806 [Test worker] DEBUG io.netty.util.internal.PlatformDependent0 - sun.misc.Unsafe.copyMemory: available
16:55:47.807 [Test worker] DEBUG io.netty.util.internal.PlatformDependent0 - java.nio.Buffer.address: available
16:55:47.808 [Test worker] DEBUG io.netty.util.internal.PlatformDependent0 - direct buffer constructor: unavailable: Reflective setAccessible(true) disabled
16:55:47.809 [Test worker] DEBUG io.netty.util.internal.PlatformDependent0 - java.nio.Bits.unaligned: available, true
16:55:47.811 [Test worker] DEBUG io.netty.util.internal.PlatformDependent0 - jdk.internal.misc.Unsafe.allocateUninitializedArray(int): unavailable: class io.netty.util.internal.PlatformDependent0$6 cannot access class jdk.internal.misc.Unsafe (in module java.base) because module java.base does not export jdk.internal.misc to unnamed module @402a079c
16:55:47.814 [Test worker] DEBUG io.netty.util.internal.PlatformDependent0 - java.nio.DirectByteBuffer.<init>(long, int): unavailable
16:55:47.815 [Test worker] DEBUG io.netty.util.internal.PlatformDependent - sun.misc.Unsafe: available
16:55:47.826 [Test worker] DEBUG io.netty.util.internal.PlatformDependent - maxDirectMemory: 536870912 bytes (maybe)
16:55:47.827 [Test worker] DEBUG io.netty.util.internal.PlatformDependent - -Dio.netty.tmpdir: /var/folders/7h/6mth__js4pjf2qnfvy1w7l600000gn/T (java.io.tmpdir)
16:55:47.827 [Test worker] DEBUG io.netty.util.internal.PlatformDependent - -Dio.netty.bitMode: 64 (sun.arch.data.model)
16:55:47.828 [Test worker] DEBUG io.netty.util.internal.PlatformDependent - Platform: MacOS
16:55:47.829 [Test worker] DEBUG io.netty.util.internal.PlatformDependent - -Dio.netty.maxDirectMemory: -1 bytes
16:55:47.829 [Test worker] DEBUG io.netty.util.internal.PlatformDependent - -Dio.netty.uninitializedArrayAllocationThreshold: -1
16:55:47.831 [Test worker] DEBUG io.netty.util.internal.CleanerJava9 - java.nio.ByteBuffer.cleaner(): available
16:55:47.831 [Test worker] DEBUG io.netty.util.internal.PlatformDependent - -Dio.netty.noPreferDirect: false
16:55:47.862 [Test worker] DEBUG io.netty.util.ResourceLeakDetector - -Dio.netty.leakDetection.level: simple
16:55:47.863 [Test worker] DEBUG io.netty.util.ResourceLeakDetector - -Dio.netty.leakDetection.targetRecords: 4
16:55:47.897 [Test worker] DEBUG io.netty.channel.MultithreadEventLoopGroup - -Dio.netty.eventLoopThreads: 16
16:55:47.925 [Test worker] DEBUG io.netty.util.internal.InternalThreadLocalMap - -Dio.netty.threadLocalMap.stringBuilder.initialSize: 1024
16:55:47.925 [Test worker] DEBUG io.netty.util.internal.InternalThreadLocalMap - -Dio.netty.threadLocalMap.stringBuilder.maxSize: 4096
16:55:48.010 [Test worker] DEBUG io.netty.channel.nio.NioEventLoop - -Dio.netty.noKeySetOptimization: false
16:55:48.011 [Test worker] DEBUG io.netty.channel.nio.NioEventLoop - -Dio.netty.selectorAutoRebuildThreshold: 512
16:55:48.022 [Test worker] DEBUG io.netty.util.internal.PlatformDependent - org.jctools-core.MpscChunkedArrayQueue: available
16:55:48.138 [Test worker] DEBUG io.netty.resolver.dns.DefaultDnsServerAddressStreamProvider - Default DNS servers: [/192.168.31.1:53] (sun.net.dns.ResolverConfiguration)
16:55:48.153 [Test worker] DEBUG io.netty.util.NetUtil - -Djava.net.preferIPv4Stack: false
16:55:48.153 [Test worker] DEBUG io.netty.util.NetUtil - -Djava.net.preferIPv6Addresses: false
16:55:48.162 [Test worker] DEBUG io.netty.util.NetUtilInitializations - Loopback interface: lo0 (lo0, 0:0:0:0:0:0:0:1%lo0)
16:55:48.164 [Test worker] DEBUG io.netty.util.NetUtil - Failed to get SOMAXCONN from sysctl and file /proc/sys/net/core/somaxconn. Default: 128
16:55:48.777 [vert.x-internal-blocking-0] DEBUG io.netty.buffer.PooledByteBufAllocator - -Dio.netty.allocator.numHeapArenas: 5
16:55:48.778 [vert.x-internal-blocking-0] DEBUG io.netty.buffer.PooledByteBufAllocator - -Dio.netty.allocator.numDirectArenas: 5
16:55:48.778 [vert.x-internal-blocking-0] DEBUG io.netty.buffer.PooledByteBufAllocator - -Dio.netty.allocator.pageSize: 8192
16:55:48.778 [vert.x-internal-blocking-0] DEBUG io.netty.buffer.PooledByteBufAllocator - -Dio.netty.allocator.maxOrder: 11
16:55:48.778 [vert.x-internal-blocking-0] DEBUG io.netty.buffer.PooledByteBufAllocator - -Dio.netty.allocator.chunkSize: 16777216
16:55:48.779 [vert.x-internal-blocking-0] DEBUG io.netty.buffer.PooledByteBufAllocator - -Dio.netty.allocator.smallCacheSize: 256
16:55:48.779 [vert.x-internal-blocking-0] DEBUG io.netty.buffer.PooledByteBufAllocator - -Dio.netty.allocator.normalCacheSize: 64
16:55:48.779 [vert.x-internal-blocking-0] DEBUG io.netty.buffer.PooledByteBufAllocator - -Dio.netty.allocator.maxCachedBufferCapacity: 32768
16:55:48.779 [vert.x-internal-blocking-0] DEBUG io.netty.buffer.PooledByteBufAllocator - -Dio.netty.allocator.cacheTrimInterval: 8192
16:55:48.779 [vert.x-internal-blocking-0] DEBUG io.netty.buffer.PooledByteBufAllocator - -Dio.netty.allocator.cacheTrimIntervalMillis: 0
16:55:48.779 [vert.x-internal-blocking-0] DEBUG io.netty.buffer.PooledByteBufAllocator - -Dio.netty.allocator.useCacheForAllThreads: true
16:55:48.779 [vert.x-internal-blocking-0] DEBUG io.netty.buffer.PooledByteBufAllocator - -Dio.netty.allocator.maxCachedByteBuffersPerChunk: 1023
16:55:48.849 [vert.x-internal-blocking-0] DEBUG io.netty.buffer.AbstractByteBuf - -Dio.netty.buffer.checkAccessible: true
16:55:48.849 [vert.x-internal-blocking-0] DEBUG io.netty.buffer.AbstractByteBuf - -Dio.netty.buffer.checkBounds: true
16:55:48.852 [vert.x-internal-blocking-0] DEBUG io.netty.util.ResourceLeakDetectorFactory - Loaded default ResourceLeakDetector: io.netty.util.ResourceLeakDetector@3b8a7cac
16:55:48.861 [vert.x-worker-thread-0] DEBUG io.netty.buffer.ByteBufUtil - -Dio.netty.allocator.type: pooled
16:55:48.862 [vert.x-worker-thread-0] DEBUG io.netty.buffer.ByteBufUtil - -Dio.netty.threadLocalDirectBufferSize: 0
16:55:48.862 [vert.x-worker-thread-0] DEBUG io.netty.buffer.ByteBufUtil - -Dio.netty.maxThreadLocalCharBufferSize: 16384
16:55:49.059 [vert.x-eventloop-thread-1] INFO com.ntnn.verticle.MainVerticle - Server is established
16:55:49.154 [vert.x-eventloop-thread-1] DEBUG io.netty.channel.DefaultChannelId - -Dio.netty.processId: 20733 (auto-detected)
16:55:49.159 [vert.x-eventloop-thread-1] DEBUG io.netty.channel.DefaultChannelId - -Dio.netty.machineId: 8c:7a:aa:ff:fe:e5:70:61 (auto-detected)
16:55:49.205 [vert.x-eventloop-thread-1] INFO com.ntnn.verticle.MainVerticle - Server is listening port: 8000
16:55:51.757 [vert.x-eventloop-thread-2] DEBUG io.netty.resolver.DefaultHostsFileEntriesResolver - -Dio.netty.hostsFileRefreshInterval: 0
16:55:51.762 [vert.x-eventloop-thread-2] WARN io.netty.resolver.dns.DnsServerAddressStreamProviders - Can not find io.netty.resolver.dns.macos.MacOSDnsServerAddressStreamProvider in the classpath, fallback to system defaults. This may result in incorrect DNS resolutions on MacOS.
16:55:51.991 [vert.x-eventloop-thread-2] DEBUG io.netty.util.Recycler - -Dio.netty.recycler.maxCapacityPerThread: 4096
16:55:51.991 [vert.x-eventloop-thread-2] DEBUG io.netty.util.Recycler - -Dio.netty.recycler.ratio: 8
16:55:51.991 [vert.x-eventloop-thread-2] DEBUG io.netty.util.Recycler - -Dio.netty.recycler.chunkSize: 32
16:55:51.991 [vert.x-eventloop-thread-2] DEBUG io.netty.util.Recycler - -Dio.netty.recycler.blocking: false
16:55:52.053 [vert.x-eventloop-thread-1] DEBUG io.netty.handler.codec.compression.ZlibCodecFactory - -Dio.netty.noJdkZlibDecoder: false
16:55:52.053 [vert.x-eventloop-thread-1] DEBUG io.netty.handler.codec.compression.ZlibCodecFactory - -Dio.netty.noJdkZlibEncoder: false
16:55:52.213 [vert.x-eventloop-thread-0] INFO com.ntnn.verticle.MailVerticle - Processing with file: src/main/resources/data/516fa61e-ad5b-4d93-b937-2be0a9479461
Got HTTP response with status 200
16:55:53.560 [vert.x-eventloop-thread-0] INFO com.ntnn.verticle.MailVerticle - Sent to: {"subject":"A new product is being launched soon...","from":"The Marketing Team<marketing@example.com>","to":"john.smith@example.com","mimeType":"text\/plain","body":"Hi Mr John Smith \n. 29 Mar 2022 we would tell you that ... Sincerely,\n The Marketing team."}
16:55:53.839 [vert.x-eventloop-thread-0] INFO com.ntnn.verticle.MailVerticle - Sent to: {"subject":"A new product is being launched soon...","from":"The Marketing Team<marketing@example.com>","to":"micheelle.smith@example.com","mimeType":"text\/plain","body":"Hi Mrs Michelle Smith \n. 29 Mar 2022 we would tell you that ... Sincerely,\n The Marketing team."}
16:55:53.876 [vert.x-eventloop-thread-1] DEBUG io.netty.buffer.PoolThreadCache - Freed 2 thread-local buffer(s) from thread: vert.x-eventloop-thread-1
16:55:53.876 [vert.x-eventloop-thread-2] DEBUG io.netty.buffer.PoolThreadCache - Freed 4 thread-local buffer(s) from thread: vert.x-eventloop-thread-2
]]></system-out>
  <system-err><![CDATA[]]></system-err>
</testsuite>
