<?xml version="1.0" encoding="UTF-8"?>
<testsuite name="unit.com.ntnn.MainTest" tests="9" skipped="0" failures="0" errors="0" timestamp="2022-03-30T09:55:53" hostname="Nams-MacBook-Air.local" time="1.318">
  <properties/>
  <testcase name="processCommandLine_Test_Errors_Data_NotFound()" classname="unit.com.ntnn.MainTest" time="0.807"/>
  <testcase name="processCommandLine_Test_Errors_EmailTemplate_NotFound()" classname="unit.com.ntnn.MainTest" time="0.006"/>
  <testcase name="processCommandLine_FileTemplate_NotMatch()" classname="unit.com.ntnn.MainTest" time="0.32"/>
  <testcase name="processCommandLine_Test_Errors_PathOutput_NotFound()" classname="unit.com.ntnn.MainTest" time="0.009"/>
  <testcase name="processCommandLine_Test_Errors()" classname="unit.com.ntnn.MainTest" time="0.081"/>
  <testcase name="processCommandLine_Test_Errors_PathErrors_NotFound()" classname="unit.com.ntnn.MainTest" time="0.008"/>
  <testcase name="processCommandLine_Test_Success()" classname="unit.com.ntnn.MainTest" time="0.055"/>
  <testcase name="processCommandLine_Test_Errors_DataErrors_NotFound()" classname="unit.com.ntnn.MainTest" time="0.003"/>
  <testcase name="processCommandLine_FileTemplate_NoHaveBody()" classname="unit.com.ntnn.MainTest" time="0.008"/>
  <system-out><![CDATA[16:55:54.733 [ForkJoinPool.commonPool-worker-3] INFO com.ntnn.Main - Please add data in command
16:55:54.749 [ForkJoinPool.commonPool-worker-3] INFO com.ntnn.Main - Please add pathTemplate in command
16:55:54.755 [ForkJoinPool.commonPool-worker-3] INFO com.ntnn.common.Utils - Processing file: src/test/resources/data_test/emailTemplateFail.json
16:55:55.017 [ForkJoinPool.commonPool-worker-3] INFO com.ntnn.Main - Starting process
16:55:55.040 [ForkJoinPool.commonPool-worker-5] INFO com.ntnn.Main - Please wait, just a second it'll be done
16:55:55.041 [ForkJoinPool.commonPool-worker-5] INFO com.ntnn.Main - Check again Title of CSV data input file
File created: output.json
Success deleted file: output.json
16:55:55.089 [ForkJoinPool.commonPool-worker-3] INFO com.ntnn.Main - Please add outputFilePath in command
16:55:55.096 [ForkJoinPool.commonPool-worker-3] INFO com.ntnn.common.Utils - Processing file: src/test/resources/data_test/emailTemplate.json
16:55:55.141 [ForkJoinPool.commonPool-worker-3] INFO com.ntnn.Main - Starting process
16:55:55.141 [ForkJoinPool.commonPool-worker-3] INFO com.ntnn.Main - Please wait, just a second it'll be done
16:55:55.144 [ForkJoinPool.commonPool-worker-3] INFO com.ntnn.Main - Completing mapped data from template with data input
File created: output.json
Success deleted file: output.json
16:55:55.182 [ForkJoinPool.commonPool-worker-3] INFO com.ntnn.Main - Please add outputFilePath in command
16:55:55.190 [ForkJoinPool.commonPool-worker-3] INFO com.ntnn.common.Utils - Processing file: src/test/resources/data_test/emailTemplate.json
16:55:55.234 [ForkJoinPool.commonPool-worker-3] INFO com.ntnn.Main - Starting process
16:55:55.235 [ForkJoinPool.commonPool-worker-3] INFO com.ntnn.Main - Please wait, just a second it'll be done
16:55:55.236 [ForkJoinPool.commonPool-worker-3] INFO com.ntnn.Main - Completing mapped data from template with data input
File created: output.json
Success deleted file: output.json
16:55:55.243 [ForkJoinPool.commonPool-worker-3] INFO com.ntnn.Main - Please add errorPath in command
16:55:55.248 [ForkJoinPool.commonPool-worker-3] INFO com.ntnn.common.Utils - Processing file: src/test/resources/data_test/emailTemplateNobody.json
16:55:55.252 [ForkJoinPool.commonPool-worker-3] INFO com.ntnn.Main - Body of template is empty
]]></system-out>
  <system-err><![CDATA[]]></system-err>
</testsuite>
